# JRE version: Java(TM) SE Runtime Environment (8.0_191-b12) (build 1.8.0_191-b12)
# Java VM: Java HotSpot(TM) 64-Bit Server VM (25.191-b12 mixed mode linux-amd64 compressed oops)
Heap:
 PSYoungGen      total 30720K, used 14939K [0x00000000de900000, 0x00000000e0b00000, 0x0000000100000000)
  eden space 26624K, 40% used [0x00000000de900000,0x00000000df399d50,0x00000000e0300000)
  from space 4096K, 99% used [0x00000000e0700000,0x00000000e0afcf50,0x00000000e0b00000)
  to   space 4096K, 0% used [0x00000000e0300000,0x00000000e0300000,0x00000000e0700000)
 ParOldGen       total 69632K, used 4154K [0x000000009ba00000, 0x000000009fe00000, 0x00000000de900000)
  object space 69632K, 5% used [0x000000009ba00000,0x000000009be0ea10,0x000000009fe00000)
 Metaspace       used 17634K, capacity 17944K, committed 18304K, reserved 1064960K
  class space    used 1969K, capacity 2051K, committed 2176K, reserved 1048576K
GC Heap History (4 events):
Event: 3,766 GC heap before
{Heap before GC invocations=1 (full 0):
 PSYoungGen      total 30720K, used 26624K [0x00000000de900000, 0x00000000e0b00000, 0x0000000100000000)
  eden space 26624K, 100% used [0x00000000de900000,0x00000000e0300000,0x00000000e0300000)
  from space 4096K, 0% used [0x00000000e0700000,0x00000000e0700000,0x00000000e0b00000)
  to   space 4096K, 0% used [0x00000000e0300000,0x00000000e0300000,0x00000000e0700000)
 ParOldGen       total 69632K, used 0K [0x000000009ba00000, 0x000000009fe00000, 0x00000000de900000)
  object space 69632K, 0% used [0x000000009ba00000,0x000000009ba00000,0x000000009fe00000)
 Metaspace       used 16736K, capacity 17064K, committed 17408K, reserved 1064960K
  class space    used 1928K, capacity 2017K, committed 2048K, reserved 1048576K
Event: 3,776 GC heap after
Heap after GC invocations=1 (full 0):
 PSYoungGen      total 30720K, used 4068K [0x00000000de900000, 0x00000000e0b00000, 0x0000000100000000)
  eden space 26624K, 0% used [0x00000000de900000,0x00000000de900000,0x00000000e0300000)
  from space 4096K, 99% used [0x00000000e0300000,0x00000000e06f9128,0x00000000e0700000)
  to   space 4096K, 0% used [0x00000000e0700000,0x00000000e0700000,0x00000000e0b00000)
 ParOldGen       total 69632K, used 886K [0x000000009ba00000, 0x000000009fe00000, 0x00000000de900000)
  object space 69632K, 1% used [0x000000009ba00000,0x000000009badd948,0x000000009fe00000)
 Metaspace       used 16736K, capacity 17064K, committed 17408K, reserved 1064960K
  class space    used 1928K, capacity 2017K, committed 2048K, reserved 1048576K
}
Event: 2218,585 GC heap before
{Heap before GC invocations=2 (full 0):
 PSYoungGen      total 30720K, used 30692K [0x00000000de900000, 0x00000000e0b00000, 0x0000000100000000)
  eden space 26624K, 100% used [0x00000000de900000,0x00000000e0300000,0x00000000e0300000)
  from space 4096K, 99% used [0x00000000e0300000,0x00000000e06f9128,0x00000000e0700000)
  to   space 4096K, 0% used [0x00000000e0700000,0x00000000e0700000,0x00000000e0b00000)
 ParOldGen       total 69632K, used 886K [0x000000009ba00000, 0x000000009fe00000, 0x00000000de900000)
  object space 69632K, 1% used [0x000000009ba00000,0x000000009badd948,0x000000009fe00000)
 Metaspace       used 17598K, capacity 17880K, committed 18304K, reserved 1064960K
  class space    used 1967K, capacity 2051K, committed 2176K, reserved 1048576K
Event: 2218,604 GC heap after
Heap after GC invocations=2 (full 0):
 PSYoungGen      total 30720K, used 4083K [0x00000000de900000, 0x00000000e0b00000, 0x0000000100000000)
  eden space 26624K, 0% used [0x00000000de900000,0x00000000de900000,0x00000000e0300000)
  from space 4096K, 99% used [0x00000000e0700000,0x00000000e0afcf50,0x00000000e0b00000)
  to   space 4096K, 0% used [0x00000000e0300000,0x00000000e0300000,0x00000000e0700000)
 ParOldGen       total 69632K, used 4154K [0x000000009ba00000, 0x000000009fe00000, 0x00000000de900000)
  object space 69632K, 5% used [0x000000009ba00000,0x000000009be0ea10,0x000000009fe00000)
 Metaspace       used 17598K, capacity 17880K, committed 18304K, reserved 1064960K
  class space    used 1967K, capacity 2051K, committed 2176K, reserved 1048576K
}

