# JRE version: Java(TM) SE Runtime Environment (8.0_191-b12) (build 1.8.0_191-b12)
# Java VM: Java HotSpot(TM) 64-Bit Server VM (25.191-b12 mixed mode linux-amd64 compressed oops)
Heap:
 PSYoungGen      total 52224K, used 19340K [0x00000000de900000, 0x00000000e2000000, 0x0000000100000000)
  eden space 48128K, 34% used [0x00000000de900000,0x00000000df914970,0x00000000e1800000)
  from space 4096K, 70% used [0x00000000e1c00000,0x00000000e1ece7d8,0x00000000e2000000)
  to   space 4096K, 0% used [0x00000000e1800000,0x00000000e1800000,0x00000000e1c00000)
 ParOldGen       total 32256K, used 4079K [0x000000009ba00000, 0x000000009d980000, 0x00000000de900000)
  object space 32256K, 12% used [0x000000009ba00000,0x000000009bdfbfc0,0x000000009d980000)
 Metaspace       used 24442K, capacity 24818K, committed 25344K, reserved 1071104K
  class space    used 2858K, capacity 2959K, committed 3072K, reserved 1048576K
GC Heap History (10 events):
Event: 9,542 GC heap before
{Heap before GC invocations=1 (full 0):
 PSYoungGen      total 30720K, used 26624K [0x00000000de900000, 0x00000000e0b00000, 0x0000000100000000)
  eden space 26624K, 100% used [0x00000000de900000,0x00000000e0300000,0x00000000e0300000)
  from space 4096K, 0% used [0x00000000e0700000,0x00000000e0700000,0x00000000e0b00000)
  to   space 4096K, 0% used [0x00000000e0300000,0x00000000e0300000,0x00000000e0700000)
 ParOldGen       total 69632K, used 0K [0x000000009ba00000, 0x000000009fe00000, 0x00000000de900000)
  object space 69632K, 0% used [0x000000009ba00000,0x000000009ba00000,0x000000009fe00000)
 Metaspace       used 16894K, capacity 17192K, committed 17536K, reserved 1064960K
  class space    used 1978K, capacity 2081K, committed 2176K, reserved 1048576K
Event: 9,554 GC heap after
Heap after GC invocations=1 (full 0):
 PSYoungGen      total 30720K, used 4090K [0x00000000de900000, 0x00000000e0b00000, 0x0000000100000000)
  eden space 26624K, 0% used [0x00000000de900000,0x00000000de900000,0x00000000e0300000)
  from space 4096K, 99% used [0x00000000e0300000,0x00000000e06feab0,0x00000000e0700000)
  to   space 4096K, 0% used [0x00000000e0700000,0x00000000e0700000,0x00000000e0b00000)
 ParOldGen       total 69632K, used 900K [0x000000009ba00000, 0x000000009fe00000, 0x00000000de900000)
  object space 69632K, 1% used [0x000000009ba00000,0x000000009bae1098,0x000000009fe00000)
 Metaspace       used 16894K, capacity 17192K, committed 17536K, reserved 1064960K
  class space    used 1978K, capacity 2081K, committed 2176K, reserved 1048576K
}
Event: 11,202 GC heap before
{Heap before GC invocations=2 (full 0):
 PSYoungGen      total 30720K, used 9705K [0x00000000de900000, 0x00000000e0b00000, 0x0000000100000000)
  eden space 26624K, 21% used [0x00000000de900000,0x00000000dee7bbd8,0x00000000e0300000)
  from space 4096K, 99% used [0x00000000e0300000,0x00000000e06feab0,0x00000000e0700000)
  to   space 4096K, 0% used [0x00000000e0700000,0x00000000e0700000,0x00000000e0b00000)
 ParOldGen       total 69632K, used 900K [0x000000009ba00000, 0x000000009fe00000, 0x00000000de900000)
  object space 69632K, 1% used [0x000000009ba00000,0x000000009bae1098,0x000000009fe00000)
 Metaspace       used 20769K, capacity 21052K, committed 21248K, reserved 1069056K
  class space    used 2459K, capacity 2531K, committed 2560K, reserved 1048576K
Event: 11,207 GC heap after
Heap after GC invocations=2 (full 0):
 PSYoungGen      total 30720K, used 4075K [0x00000000de900000, 0x00000000e0b00000, 0x0000000100000000)
  eden space 26624K, 0% used [0x00000000de900000,0x00000000de900000,0x00000000e0300000)
  from space 4096K, 99% used [0x00000000e0700000,0x00000000e0afaf80,0x00000000e0b00000)
  to   space 4096K, 0% used [0x00000000e0300000,0x00000000e0300000,0x00000000e0700000)
 ParOldGen       total 69632K, used 980K [0x000000009ba00000, 0x000000009fe00000, 0x00000000de900000)
  object space 69632K, 1% used [0x000000009ba00000,0x000000009baf50a8,0x000000009fe00000)
 Metaspace       used 20769K, capacity 21052K, committed 21248K, reserved 1069056K
  class space    used 2459K, capacity 2531K, committed 2560K, reserved 1048576K
}
Event: 11,207 GC heap before
{Heap before GC invocations=3 (full 1):
 PSYoungGen      total 30720K, used 4075K [0x00000000de900000, 0x00000000e0b00000, 0x0000000100000000)
  eden space 26624K, 0% used [0x00000000de900000,0x00000000de900000,0x00000000e0300000)
  from space 4096K, 99% used [0x00000000e0700000,0x00000000e0afaf80,0x00000000e0b00000)
  to   space 4096K, 0% used [0x00000000e0300000,0x00000000e0300000,0x00000000e0700000)
 ParOldGen       total 69632K, used 980K [0x000000009ba00000, 0x000000009fe00000, 0x00000000de900000)
  object space 69632K, 1% used [0x000000009ba00000,0x000000009baf50a8,0x000000009fe00000)
 Metaspace       used 20769K, capacity 21052K, committed 21248K, reserved 1069056K
  class space    used 2459K, capacity 2531K, committed 2560K, reserved 1048576K
Event: 11,237 GC heap after
Heap after GC invocations=3 (full 1):
 PSYoungGen      total 30720K, used 0K [0x00000000de900000, 0x00000000e0b00000, 0x0000000100000000)
  eden space 26624K, 0% used [0x00000000de900000,0x00000000de900000,0x00000000e0300000)
  from space 4096K, 0% used [0x00000000e0700000,0x00000000e0700000,0x00000000e0b00000)
  to   space 4096K, 0% used [0x00000000e0300000,0x00000000e0300000,0x00000000e0700000)
 ParOldGen       total 32256K, used 4063K [0x000000009ba00000, 0x000000009d980000, 0x00000000de900000)
  object space 32256K, 12% used [0x000000009ba00000,0x000000009bdf7fc0,0x000000009d980000)
 Metaspace       used 20769K, capacity 21052K, committed 21248K, reserved 1069056K
  class space    used 2459K, capacity 2531K, committed 2560K, reserved 1048576K
}
Event: 11,285 GC heap before
{Heap before GC invocations=4 (full 1):
 PSYoungGen      total 30720K, used 26620K [0x00000000de900000, 0x00000000e0b00000, 0x0000000100000000)
  eden space 26624K, 99% used [0x00000000de900000,0x00000000e02ff1d8,0x00000000e0300000)
  from space 4096K, 0% used [0x00000000e0700000,0x00000000e0700000,0x00000000e0b00000)
  to   space 4096K, 0% used [0x00000000e0300000,0x00000000e0300000,0x00000000e0700000)
 ParOldGen       total 32256K, used 4063K [0x000000009ba00000, 0x000000009d980000, 0x00000000de900000)
  object space 32256K, 12% used [0x000000009ba00000,0x000000009bdf7fc0,0x000000009d980000)
 Metaspace       used 20999K, capacity 21318K, committed 21632K, reserved 1069056K
  class space    used 2476K, capacity 2570K, committed 2688K, reserved 1048576K
Event: 11,288 GC heap after
Heap after GC invocations=4 (full 1):
 PSYoungGen      total 30720K, used 663K [0x00000000de900000, 0x00000000e2000000, 0x0000000100000000)
  eden space 26624K, 0% used [0x00000000de900000,0x00000000de900000,0x00000000e0300000)
  from space 4096K, 16% used [0x00000000e0300000,0x00000000e03a5e48,0x00000000e0700000)
  to   space 4096K, 0% used [0x00000000e1c00000,0x00000000e1c00000,0x00000000e2000000)
 ParOldGen       total 32256K, used 4071K [0x000000009ba00000, 0x000000009d980000, 0x00000000de900000)
  object space 32256K, 12% used [0x000000009ba00000,0x000000009bdf9fc0,0x000000009d980000)
 Metaspace       used 20999K, capacity 21318K, committed 21632K, reserved 1069056K
  class space    used 2476K, capacity 2570K, committed 2688K, reserved 1048576K
}
Event: 11,651 GC heap before
{Heap before GC invocations=5 (full 1):
 PSYoungGen      total 30720K, used 27287K [0x00000000de900000, 0x00000000e2000000, 0x0000000100000000)
  eden space 26624K, 100% used [0x00000000de900000,0x00000000e0300000,0x00000000e0300000)
  from space 4096K, 16% used [0x00000000e0300000,0x00000000e03a5e48,0x00000000e0700000)
  to   space 4096K, 0% used [0x00000000e1c00000,0x00000000e1c00000,0x00000000e2000000)
 ParOldGen       total 32256K, used 4071K [0x000000009ba00000, 0x000000009d980000, 0x00000000de900000)
  object space 32256K, 12% used [0x000000009ba00000,0x000000009bdf9fc0,0x000000009d980000)
 Metaspace       used 24051K, capacity 24458K, committed 24704K, reserved 1071104K
  class space    used 2829K, capacity 2925K, committed 2944K, reserved 1048576K
Event: 11,655 GC heap after
Heap after GC invocations=5 (full 1):
 PSYoungGen      total 52224K, used 2873K [0x00000000de900000, 0x00000000e2000000, 0x0000000100000000)
  eden space 48128K, 0% used [0x00000000de900000,0x00000000de900000,0x00000000e1800000)
  from space 4096K, 70% used [0x00000000e1c00000,0x00000000e1ece7d8,0x00000000e2000000)
  to   space 4096K, 0% used [0x00000000e1800000,0x00000000e1800000,0x00000000e1c00000)
 ParOldGen       total 32256K, used 4079K [0x000000009ba00000, 0x000000009d980000, 0x00000000de900000)
  object space 32256K, 12% used [0x000000009ba00000,0x000000009bdfbfc0,0x000000009d980000)
 Metaspace       used 24051K, capacity 24458K, committed 24704K, reserved 1071104K
  class space    used 2829K, capacity 2925K, committed 2944K, reserved 1048576K
}

